#1 [internal] load build definition from Dockerfile
#1 sha256:b9a6315333ad9d7c9e548703a0c318d0b21672f0efadf1eddd43d4bc71e303d1
#1 transferring dockerfile: 347B 0.0s done
#1 DONE 0.1s

#2 [internal] load .dockerignore
#2 sha256:a72c24b44f89bf240d6fb523cea8c35e5e136968b09f0c25539ce4f7310b8ca6
#2 transferring context: 2B done
#2 DONE 0.1s

#3 [internal] load metadata for docker.io/library/node:18
#3 sha256:2075f92ee200d60c58a0280e24693548f3220d21fb6c89da59dcfc23eb696f9e
#3 DONE 4.8s

#4 [1/6] FROM docker.io/library/node:18@sha256:c6ae79e38498325db67193d391e6ec1d224d96c693a8a4d943498556716d3783
#4 sha256:c4e378590853fd59c9b4d7cb8c8776b0b4c9659521c34583aaed206849816341
#4 resolve docker.io/library/node:18@sha256:c6ae79e38498325db67193d391e6ec1d224d96c693a8a4d943498556716d3783 0.0s done
#4 sha256:c6ae79e38498325db67193d391e6ec1d224d96c693a8a4d943498556716d3783 6.41kB / 6.41kB done
#4 sha256:b50082bc3670d0396b2d90e4b0e5bb10265ba5d0ee16bf40f9a505f7045ee563 6.39kB / 6.39kB done
#4 sha256:37927ed901b1b2608b72796c6881bf645480268eca4ac9a37b9219e050bb4d84 0B / 24.02MB 0.2s
#4 sha256:eb29363371ee2859fad6a3c5af88d4abc6ff7d399addb13b7de3c1f11bdee6b9 2.49kB / 2.49kB done
#4 sha256:79b2f47ad4443652b9b5cc81a95ede249fd976310efdbee159f29638783778c0 0B / 64.40MB 0.2s
#4 sha256:3e6b9d1a95114e19f12262a4e8a59ad1d1a10ca7b82108adcf0605a200294964 0B / 48.49MB 0.3s
#4 sha256:37927ed901b1b2608b72796c6881bf645480268eca4ac9a37b9219e050bb4d84 2.10MB / 24.02MB 0.9s
#4 sha256:37927ed901b1b2608b72796c6881bf645480268eca4ac9a37b9219e050bb4d84 4.19MB / 24.02MB 1.5s
#4 sha256:37927ed901b1b2608b72796c6881bf645480268eca4ac9a37b9219e050bb4d84 6.29MB / 24.02MB 1.8s
#4 sha256:37927ed901b1b2608b72796c6881bf645480268eca4ac9a37b9219e050bb4d84 8.39MB / 24.02MB 2.1s
#4 sha256:37927ed901b1b2608b72796c6881bf645480268eca4ac9a37b9219e050bb4d84 10.49MB / 24.02MB 2.6s
#4 sha256:37927ed901b1b2608b72796c6881bf645480268eca4ac9a37b9219e050bb4d84 12.58MB / 24.02MB 2.9s
#4 sha256:79b2f47ad4443652b9b5cc81a95ede249fd976310efdbee159f29638783778c0 3.15MB / 64.40MB 5.2s
#4 sha256:3e6b9d1a95114e19f12262a4e8a59ad1d1a10ca7b82108adcf0605a200294964 1.05MB / 48.49MB 5.4s
#4 sha256:37927ed901b1b2608b72796c6881bf645480268eca4ac9a37b9219e050bb4d84 14.68MB / 24.02MB 5.7s
#4 sha256:37927ed901b1b2608b72796c6881bf645480268eca4ac9a37b9219e050bb4d84 16.78MB / 24.02MB 6.3s
#4 sha256:3e6b9d1a95114e19f12262a4e8a59ad1d1a10ca7b82108adcf0605a200294964 4.19MB / 48.49MB 6.4s
#4 sha256:37927ed901b1b2608b72796c6881bf645480268eca4ac9a37b9219e050bb4d84 18.87MB / 24.02MB 7.0s
#4 sha256:79b2f47ad4443652b9b5cc81a95ede249fd976310efdbee159f29638783778c0 7.34MB / 64.40MB 7.0s
#4 sha256:37927ed901b1b2608b72796c6881bf645480268eca4ac9a37b9219e050bb4d84 20.97MB / 24.02MB 8.0s
#4 sha256:3e6b9d1a95114e19f12262a4e8a59ad1d1a10ca7b82108adcf0605a200294964 7.34MB / 48.49MB 8.0s
#4 sha256:37927ed901b1b2608b72796c6881bf645480268eca4ac9a37b9219e050bb4d84 23.07MB / 24.02MB 8.6s
#4 sha256:79b2f47ad4443652b9b5cc81a95ede249fd976310efdbee159f29638783778c0 11.53MB / 64.40MB 8.9s
#4 sha256:3e6b9d1a95114e19f12262a4e8a59ad1d1a10ca7b82108adcf0605a200294964 10.49MB / 48.49MB 8.9s
#4 sha256:37927ed901b1b2608b72796c6881bf645480268eca4ac9a37b9219e050bb4d84 24.02MB / 24.02MB 9.2s done
#4 sha256:e23f099911d692f62b851cf49a1e93294288a115f5cd2d014180e4d3684d34ab 0B / 211.36MB 9.4s
#4 sha256:79b2f47ad4443652b9b5cc81a95ede249fd976310efdbee159f29638783778c0 15.73MB / 64.40MB 9.5s
#4 sha256:3e6b9d1a95114e19f12262a4e8a59ad1d1a10ca7b82108adcf0605a200294964 13.63MB / 48.49MB 9.6s
#4 ...

#6 [internal] load build context
#6 sha256:76a20c49e7b93cd5bf1c7801a4ec524f40b92c006a40f305f1950cc84d92df60
#6 transferring context: 72.51MB 9.9s
#6 ...

#4 [1/6] FROM docker.io/library/node:18@sha256:c6ae79e38498325db67193d391e6ec1d224d96c693a8a4d943498556716d3783
#4 sha256:c4e378590853fd59c9b4d7cb8c8776b0b4c9659521c34583aaed206849816341
#4 sha256:3e6b9d1a95114e19f12262a4e8a59ad1d1a10ca7b82108adcf0605a200294964 16.78MB / 48.49MB 10.7s
#4 sha256:79b2f47ad4443652b9b5cc81a95ede249fd976310efdbee159f29638783778c0 19.92MB / 64.40MB 11.1s
#4 sha256:3e6b9d1a95114e19f12262a4e8a59ad1d1a10ca7b82108adcf0605a200294964 19.92MB / 48.49MB 11.2s
#4 sha256:3e6b9d1a95114e19f12262a4e8a59ad1d1a10ca7b82108adcf0605a200294964 22.54MB / 48.49MB 11.8s
#4 sha256:3e6b9d1a95114e19f12262a4e8a59ad1d1a10ca7b82108adcf0605a200294964 25.17MB / 48.49MB 12.3s
#4 sha256:e23f099911d692f62b851cf49a1e93294288a115f5cd2d014180e4d3684d34ab 11.53MB / 211.36MB 12.7s
#4 sha256:79b2f47ad4443652b9b5cc81a95ede249fd976310efdbee159f29638783778c0 24.12MB / 64.40MB 13.1s
#4 sha256:3e6b9d1a95114e19f12262a4e8a59ad1d1a10ca7b82108adcf0605a200294964 27.71MB / 48.49MB 13.2s
#4 sha256:3e6b9d1a95114e19f12262a4e8a59ad1d1a10ca7b82108adcf0605a200294964 30.41MB / 48.49MB 14.0s
#4 sha256:79b2f47ad4443652b9b5cc81a95ede249fd976310efdbee159f29638783778c0 28.31MB / 64.40MB 15.0s
#4 sha256:3e6b9d1a95114e19f12262a4e8a59ad1d1a10ca7b82108adcf0605a200294964 33.55MB / 48.49MB 15.3s
#4 sha256:3e6b9d1a95114e19f12262a4e8a59ad1d1a10ca7b82108adcf0605a200294964 36.70MB / 48.49MB 16.5s
#4 sha256:e23f099911d692f62b851cf49a1e93294288a115f5cd2d014180e4d3684d34ab 23.07MB / 211.36MB 16.5s
#4 sha256:79b2f47ad4443652b9b5cc81a95ede249fd976310efdbee159f29638783778c0 32.51MB / 64.40MB 16.9s
#4 sha256:3e6b9d1a95114e19f12262a4e8a59ad1d1a10ca7b82108adcf0605a200294964 39.85MB / 48.49MB 17.5s
#4 sha256:79b2f47ad4443652b9b5cc81a95ede249fd976310efdbee159f29638783778c0 36.70MB / 64.40MB 18.9s
#4 sha256:3e6b9d1a95114e19f12262a4e8a59ad1d1a10ca7b82108adcf0605a200294964 42.99MB / 48.49MB 18.9s
#4 sha256:3e6b9d1a95114e19f12262a4e8a59ad1d1a10ca7b82108adcf0605a200294964 46.14MB / 48.49MB 19.8s
#4 sha256:79b2f47ad4443652b9b5cc81a95ede249fd976310efdbee159f29638783778c0 40.89MB / 64.40MB 20.0s
#4 ...

#6 [internal] load build context
#6 sha256:76a20c49e7b93cd5bf1c7801a4ec524f40b92c006a40f305f1950cc84d92df60
#6 transferring context: 142.91MB 20.1s
#6 ...

#4 [1/6] FROM docker.io/library/node:18@sha256:c6ae79e38498325db67193d391e6ec1d224d96c693a8a4d943498556716d3783
#4 sha256:c4e378590853fd59c9b4d7cb8c8776b0b4c9659521c34583aaed206849816341
#4 sha256:3e6b9d1a95114e19f12262a4e8a59ad1d1a10ca7b82108adcf0605a200294964 48.49MB / 48.49MB 20.5s done
#4 sha256:e23f099911d692f62b851cf49a1e93294288a115f5cd2d014180e4d3684d34ab 34.60MB / 211.36MB 20.7s
#4 sha256:cda7f44f2bddcc4bb7514474024b3f3705de00ddb6355a33be5ac7808e5b7125 0B / 3.32kB 20.7s
#4 sha256:79b2f47ad4443652b9b5cc81a95ede249fd976310efdbee159f29638783778c0 44.41MB / 64.40MB 20.8s
#4 sha256:cda7f44f2bddcc4bb7514474024b3f3705de00ddb6355a33be5ac7808e5b7125 3.32kB / 3.32kB 21.0s done
#4 sha256:c6b30c3f16966552af10ac00521f60355b1fcfd46ac1c20b1038587e28583ce7 0B / 45.68MB 21.1s
#4 extracting sha256:3e6b9d1a95114e19f12262a4e8a59ad1d1a10ca7b82108adcf0605a200294964
#4 sha256:79b2f47ad4443652b9b5cc81a95ede249fd976310efdbee159f29638783778c0 48.23MB / 64.40MB 22.1s
#4 sha256:c6b30c3f16966552af10ac00521f60355b1fcfd46ac1c20b1038587e28583ce7 3.15MB / 45.68MB 22.8s
#4 sha256:e23f099911d692f62b851cf49a1e93294288a115f5cd2d014180e4d3684d34ab 46.14MB / 211.36MB 24.1s
#4 sha256:c6b30c3f16966552af10ac00521f60355b1fcfd46ac1c20b1038587e28583ce7 6.29MB / 45.68MB 24.2s
#4 sha256:79b2f47ad4443652b9b5cc81a95ede249fd976310efdbee159f29638783778c0 52.43MB / 64.40MB 24.2s
#4 sha256:c6b30c3f16966552af10ac00521f60355b1fcfd46ac1c20b1038587e28583ce7 8.83MB / 45.68MB 25.4s
#4 sha256:79b2f47ad4443652b9b5cc81a95ede249fd976310efdbee159f29638783778c0 56.62MB / 64.40MB 26.0s
#4 sha256:c6b30c3f16966552af10ac00521f60355b1fcfd46ac1c20b1038587e28583ce7 11.53MB / 45.68MB 26.4s
#4 extracting sha256:3e6b9d1a95114e19f12262a4e8a59ad1d1a10ca7b82108adcf0605a200294964 5.5s
#4 sha256:79b2f47ad4443652b9b5cc81a95ede249fd976310efdbee159f29638783778c0 60.82MB / 64.40MB 27.4s
#4 sha256:c6b30c3f16966552af10ac00521f60355b1fcfd46ac1c20b1038587e28583ce7 14.68MB / 45.68MB 27.6s
#4 sha256:e23f099911d692f62b851cf49a1e93294288a115f5cd2d014180e4d3684d34ab 57.67MB / 211.36MB 27.9s
#4 sha256:79b2f47ad4443652b9b5cc81a95ede249fd976310efdbee159f29638783778c0 64.40MB / 64.40MB 28.4s
#4 sha256:79b2f47ad4443652b9b5cc81a95ede249fd976310efdbee159f29638783778c0 64.40MB / 64.40MB 28.4s done
#4 sha256:3697be50c98b9d071df4637e1d3491d00e7b9f3a732768c876d82309b3c5a145 0B / 1.25MB 28.5s
#4 sha256:c6b30c3f16966552af10ac00521f60355b1fcfd46ac1c20b1038587e28583ce7 17.83MB / 45.68MB 29.0s
#4 sha256:3697be50c98b9d071df4637e1d3491d00e7b9f3a732768c876d82309b3c5a145 1.05MB / 1.25MB 30.0s
#4 sha256:3697be50c98b9d071df4637e1d3491d00e7b9f3a732768c876d82309b3c5a145 1.25MB / 1.25MB 30.2s done
#4 sha256:461077a72fb7fe40d34a37d6a1958c4d16772d0dd77f572ec50a1fdc41a3754d 0B / 446B 30.3s
#4 ...

#6 [internal] load build context
#6 sha256:76a20c49e7b93cd5bf1c7801a4ec524f40b92c006a40f305f1950cc84d92df60
#6 transferring context: 229.27MB 30.4s
#6 ...

#4 [1/6] FROM docker.io/library/node:18@sha256:c6ae79e38498325db67193d391e6ec1d224d96c693a8a4d943498556716d3783
#4 sha256:c4e378590853fd59c9b4d7cb8c8776b0b4c9659521c34583aaed206849816341
#4 sha256:461077a72fb7fe40d34a37d6a1958c4d16772d0dd77f572ec50a1fdc41a3754d 446B / 446B 31.2s done
#4 sha256:c6b30c3f16966552af10ac00521f60355b1fcfd46ac1c20b1038587e28583ce7 20.97MB / 45.68MB 32.5s
#4 extracting sha256:3e6b9d1a95114e19f12262a4e8a59ad1d1a10ca7b82108adcf0605a200294964 10.7s
#4 sha256:e23f099911d692f62b851cf49a1e93294288a115f5cd2d014180e4d3684d34ab 67.11MB / 211.36MB 33.0s
#4 sha256:c6b30c3f16966552af10ac00521f60355b1fcfd46ac1c20b1038587e28583ce7 24.12MB / 45.68MB 33.3s
#4 sha256:c6b30c3f16966552af10ac00521f60355b1fcfd46ac1c20b1038587e28583ce7 27.26MB / 45.68MB 34.3s
#4 sha256:c6b30c3f16966552af10ac00521f60355b1fcfd46ac1c20b1038587e28583ce7 31.46MB / 45.68MB 34.6s
#4 sha256:c6b30c3f16966552af10ac00521f60355b1fcfd46ac1c20b1038587e28583ce7 34.37MB / 45.68MB 35.2s
#4 sha256:c6b30c3f16966552af10ac00521f60355b1fcfd46ac1c20b1038587e28583ce7 36.70MB / 45.68MB 35.6s
#4 sha256:c6b30c3f16966552af10ac00521f60355b1fcfd46ac1c20b1038587e28583ce7 39.85MB / 45.68MB 36.0s
#4 sha256:c6b30c3f16966552af10ac00521f60355b1fcfd46ac1c20b1038587e28583ce7 42.99MB / 45.68MB 36.4s
#4 sha256:c6b30c3f16966552af10ac00521f60355b1fcfd46ac1c20b1038587e28583ce7 45.68MB / 45.68MB 36.9s
#4 extracting sha256:3e6b9d1a95114e19f12262a4e8a59ad1d1a10ca7b82108adcf0605a200294964 15.8s
#4 sha256:c6b30c3f16966552af10ac00521f60355b1fcfd46ac1c20b1038587e28583ce7 45.68MB / 45.68MB 37.7s done
#4 sha256:e23f099911d692f62b851cf49a1e93294288a115f5cd2d014180e4d3684d34ab 77.59MB / 211.36MB 38.3s
#4 ...

#6 [internal] load build context
#6 sha256:76a20c49e7b93cd5bf1c7801a4ec524f40b92c006a40f305f1950cc84d92df60
#6 transferring context: 317.01MB 40.7s
#6 ...

#4 [1/6] FROM docker.io/library/node:18@sha256:c6ae79e38498325db67193d391e6ec1d224d96c693a8a4d943498556716d3783
#4 sha256:c4e378590853fd59c9b4d7cb8c8776b0b4c9659521c34583aaed206849816341
#4 extracting sha256:3e6b9d1a95114e19f12262a4e8a59ad1d1a10ca7b82108adcf0605a200294964 20.9s
#4 sha256:e23f099911d692f62b851cf49a1e93294288a115f5cd2d014180e4d3684d34ab 84.93MB / 211.36MB 43.3s
#4 sha256:e23f099911d692f62b851cf49a1e93294288a115f5cd2d014180e4d3684d34ab 90.18MB / 211.36MB 48.5s
#4 ...

#6 [internal] load build context
#6 sha256:76a20c49e7b93cd5bf1c7801a4ec524f40b92c006a40f305f1950cc84d92df60
#6 transferring context: 388.54MB 47.1s
#6 ...

#4 [1/6] FROM docker.io/library/node:18@sha256:c6ae79e38498325db67193d391e6ec1d224d96c693a8a4d943498556716d3783
#4 sha256:c4e378590853fd59c9b4d7cb8c8776b0b4c9659521c34583aaed206849816341
#4 extracting sha256:3e6b9d1a95114e19f12262a4e8a59ad1d1a10ca7b82108adcf0605a200294964 31.4s
#4 sha256:e23f099911d692f62b851cf49a1e93294288a115f5cd2d014180e4d3684d34ab 99.61MB / 211.36MB 53.7s
#4 extracting sha256:3e6b9d1a95114e19f12262a4e8a59ad1d1a10ca7b82108adcf0605a200294964 32.3s done
#4 sha256:e23f099911d692f62b851cf49a1e93294288a115f5cd2d014180e4d3684d34ab 100.66MB / 211.36MB 58.9s
#4 ...

#6 [internal] load build context
#6 sha256:76a20c49e7b93cd5bf1c7801a4ec524f40b92c006a40f305f1950cc84d92df60
#6 transferring context: 494.38MB 62.4s
#6 ...

#4 [1/6] FROM docker.io/library/node:18@sha256:c6ae79e38498325db67193d391e6ec1d224d96c693a8a4d943498556716d3783
#4 sha256:c4e378590853fd59c9b4d7cb8c8776b0b4c9659521c34583aaed206849816341
#4 ...

#4 sha256:c4e378590853fd59c9b4d7cb8c8776b0b4c9659521c34583aaed206849816341
#6 ...

